<?xml version="1.0" encoding="UTF-8"?>
<!-- Generated by org.testng.reporters.JUnitXMLReporter -->
<testsuite ignored="0" hostname="LAPTOP-KTH72RIV" failures="0" tests="5" name="regression" time="3.391" errors="0" timestamp="2021-01-04T13:50:29 PST">
  <testcase classname="com.aruna.restassured.PayloadTesla.TeslaAPI" name="Parsing_data" time="1.435"/>
  <testcase classname="com.aruna.restassured.studentAsignment.APIStudentParsing" name="Student_payload_validation" time="2.108"/>
  <testcase classname="com.aruna.restassured.PayloadTesla.TeslaAPI" name="Get_All_BlueCars" time="0.754"/>
  <testcase classname="com.aruna.restassured.studentAsignment.payloadStudent" name="studentData_validation" time="0.17"/>
  <testcase classname="com.aruna.restassured.PayloadTesla.TeslaAPI" name="PerDay_Rental" time="1.169"/>
</testsuite> <!-- regression -->
