<?xml version="1.0" encoding="UTF-8"?>
<testsuite xmlns:xsi="http://www.w3.org/2001/XMLSchema-instance" xsi:noNamespaceSchemaLocation="https://maven.apache.org/surefire/maven-surefire-plugin/xsd/surefire-test-report.xsd" name="TestSuite" time="6.823" tests="5" errors="0" skipped="0" failures="0">
  <properties>
[...]
</properties>
  <testcase name="Parsing_data" classname="com.aruna.restassured.PayloadTesla.TeslaAPI" time="4.251"/>
  <testcase name="Student_payload_validation" classname="com.aruna.restassured.studentAsignment.APIStudentParsing" time="0.988"/>
  <testcase name="Get_All_BlueCars" classname="com.aruna.restassured.PayloadTesla.TeslaAPI" time="0.055"/>
  <testcase name="studentData_validation" classname="com.aruna.restassured.studentAsignment.payloadStudent" time="0.677"/>
  <testcase name="PerDay_Rental" classname="com.aruna.restassured.PayloadTesla.TeslaAPI" time="0.929"/>
</testsuite>